\BOOKMARK [0][-]{Doc-Start}{Abstract}{}% 1
\BOOKMARK [0][-]{chapter*.1}{Acknowledgements}{}% 2
\BOOKMARK [0][-]{chapter*.3}{List\040of\040Tables}{}% 3
\BOOKMARK [0][-]{chapter*.4}{List\040of\040Figures}{}% 4
\BOOKMARK [0][-]{chapter*.5}{List\040of\040Code\040Listings}{}% 5
\BOOKMARK [0][-]{chapter*.6}{Introduction}{}% 6
\BOOKMARK [-1][-]{part.1}{I\040Semantic\040Textual\040Similarity}{}% 7
\BOOKMARK [0][-]{chapter.1.1}{Introduction}{part.1}% 8
\BOOKMARK [1][-]{section.1.1.1}{Datasets}{chapter.1.1}% 9
\BOOKMARK [2][-]{subsection.1.1.1.1}{English\040Datasets}{section.1.1.1}% 10
\BOOKMARK [2][-]{subsection.1.1.1.2}{Datasets\040on\040Other\040Languages}{section.1.1.1}% 11
\BOOKMARK [2][-]{subsection.1.1.1.3}{Datasets\040on\040Different\040Domains}{section.1.1.1}% 12
\BOOKMARK [1][-]{section.1.1.2}{Evaluation\040Metrics}{chapter.1.1}% 13
\BOOKMARK [1][-]{section.1.1.3}{Contributions}{chapter.1.1}% 14
\BOOKMARK [1][-]{section.1.1.4}{Conclusion}{chapter.1.1}% 15
\BOOKMARK [0][-]{chapter.1.2}{Improving\040State\040of\040the\040Art\040Methods}{part.1}% 16
\BOOKMARK [1][-]{section.1.2.1}{Related\040Work}{chapter.1.2}% 17
\BOOKMARK [2][-]{subsection.1.2.1.1}{Cosine\040Similarity\040on\040Average\040Vectors}{section.1.2.1}% 18
\BOOKMARK [2][-]{subsection.1.2.1.2}{Word\040Mover's\040Distance}{section.1.2.1}% 19
\BOOKMARK [2][-]{subsection.1.2.1.3}{Cosine\040Similarity\040Using\040Smooth\040Inverse\040Frequency}{section.1.2.1}% 20
\BOOKMARK [1][-]{section.1.2.2}{Improving\040State\040of\040the\040Art\040STS\040Methods}{chapter.1.2}% 21
\BOOKMARK [1][-]{section.1.2.3}{Portability\040to\040Other\040Languages}{chapter.1.2}% 22
\BOOKMARK [1][-]{section.1.2.4}{Portability\040to\040Other\040Domains}{chapter.1.2}% 23
\BOOKMARK [1][-]{section.1.2.5}{Conclusions}{chapter.1.2}% 24
\BOOKMARK [0][-]{chapter.1.3}{Exploring\040STS\040with\040Sentence\040Encoders}{part.1}% 25
\BOOKMARK [1][-]{section.1.3.1}{Introduction}{chapter.1.3}% 26
\BOOKMARK [1][-]{section.1.3.2}{Related\040Work}{chapter.1.3}% 27
\BOOKMARK [1][-]{section.1.3.3}{Exploring\040Sentence\040Encoders\040in\040English\040STS}{chapter.1.3}% 28
\BOOKMARK [1][-]{section.1.3.4}{Portability\040to\040Other\040Languages}{chapter.1.3}% 29
\BOOKMARK [1][-]{section.1.3.5}{Portability\040to\040Other\040Domains}{chapter.1.3}% 30
\BOOKMARK [1][-]{section.1.3.6}{Conclusions}{chapter.1.3}% 31
\BOOKMARK [0][-]{chapter.1.4}{Siamese\040Neural\040Networks\040for\040STS}{part.1}% 32
\BOOKMARK [1][-]{section.1.4.1}{Introduction}{chapter.1.4}% 33
\BOOKMARK [1][-]{section.1.4.2}{Related\040Work}{chapter.1.4}% 34
\BOOKMARK [1][-]{section.1.4.3}{Exploring\040Siamese\040Neural\040Networks\040for\040STS}{chapter.1.4}% 35
\BOOKMARK [2][-]{subsection.1.4.3.1}{Impact\040of\040Transfer\040Learning}{section.1.4.3}% 36
\BOOKMARK [2][-]{subsection.1.4.3.2}{Impact\040of\040Data\040Augmentation}{section.1.4.3}% 37
\BOOKMARK [1][-]{section.1.4.4}{Portability\040to\040Other\040Languages}{chapter.1.4}% 38
\BOOKMARK [1][-]{section.1.4.5}{Portability\040to\040Other\040Domains}{chapter.1.4}% 39
\BOOKMARK [1][-]{section.1.4.6}{Conclusions}{chapter.1.4}% 40
\BOOKMARK [0][-]{chapter.1.5}{Adopting\040Transformers\040for\040STS}{part.1}% 41
\BOOKMARK [1][-]{section.1.5.1}{Introduction}{chapter.1.5}% 42
\BOOKMARK [1][-]{section.1.5.2}{Related\040Work}{chapter.1.5}% 43
\BOOKMARK [1][-]{section.1.5.3}{Transformer\040Architecture\040for\040STS}{chapter.1.5}% 44
\BOOKMARK [1][-]{section.1.5.4}{Exploring\040Transformers\040in\040English\040STS}{chapter.1.5}% 45
\BOOKMARK [2][-]{subsection.1.5.4.1}{Impact\040of\040Transfer\040Learning}{section.1.5.4}% 46
\BOOKMARK [2][-]{subsection.1.5.4.2}{Impact\040of\040Data\040Augmentation}{section.1.5.4}% 47
\BOOKMARK [1][-]{section.1.5.5}{Portability\040to\040Other\040Languages}{chapter.1.5}% 48
\BOOKMARK [1][-]{section.1.5.6}{Potability\040to\040Other\040Domains}{chapter.1.5}% 49
\BOOKMARK [1][-]{section.1.5.7}{Recent\040Developments:\040Siamese\040Transformers}{chapter.1.5}% 50
\BOOKMARK [1][-]{section.1.5.8}{Conclusions}{chapter.1.5}% 51
\BOOKMARK [-1][-]{part.2}{II\040Applications\040-\040Translation\040Memories}{}% 52
\BOOKMARK [0][-]{chapter.2.1}{Introduction}{part.2}% 53
\BOOKMARK [1][-]{section.2.1.1}{What\040is\040Translation\040Memory?}{chapter.2.1}% 54
\BOOKMARK [1][-]{section.2.1.2}{Datasets}{chapter.2.1}% 55
\BOOKMARK [1][-]{section.2.1.3}{Related\040Work}{chapter.2.1}% 56
\BOOKMARK [1][-]{section.2.1.4}{STS\040for\040Translation\040Memories}{chapter.2.1}% 57
\BOOKMARK [0][-]{chapter.2.2}{Sentence\040Encoders\040for\040Translation\040Memories}{part.2}% 58
\BOOKMARK [1][-]{section.2.2.1}{Introduction}{chapter.2.2}% 59
\BOOKMARK [1][-]{section.2.2.2}{Methodology}{chapter.2.2}% 60
\BOOKMARK [1][-]{section.2.2.3}{Results\040and\040Evaluation}{chapter.2.2}% 61
\BOOKMARK [-1][-]{part.3}{III\040Applications\040-\040Translation\040Quality\040Estimation}{}% 62
\BOOKMARK [0][-]{chapter.3.1}{Introduction}{part.3}% 63
\BOOKMARK [1][-]{section.3.1.1}{What\040is\040Translation\040Quality\040Estimation?}{chapter.3.1}% 64
\BOOKMARK [1][-]{section.3.1.2}{Datasets}{chapter.3.1}% 65
\BOOKMARK [2][-]{subsection.3.1.2.1}{Predicting\040HTER}{section.3.1.2}% 66
\BOOKMARK [2][-]{subsection.3.1.2.2}{Predicting\040DA}{section.3.1.2}% 67
\BOOKMARK [1][-]{section.3.1.3}{Related\040Work}{chapter.3.1}% 68
\BOOKMARK [1][-]{section.3.1.4}{STS\040for\040Translation\040Quality\040Estimation}{chapter.3.1}% 69
\BOOKMARK [1][-]{section.3.1.5}{Conclusion}{chapter.3.1}% 70
\BOOKMARK [0][-]{chapter.3.2}{TransQuest:\040STS\040Architectures\040for\040QE}{part.3}% 71
\BOOKMARK [1][-]{section.3.2.1}{Introduction}{chapter.3.2}% 72
\BOOKMARK [1][-]{section.3.2.2}{Methodology}{chapter.3.2}% 73
\BOOKMARK [2][-]{subsection.3.2.2.1}{Experimental\040Setup}{section.3.2.2}% 74
\BOOKMARK [1][-]{section.3.2.3}{Results\040and\040Discussion}{chapter.3.2}% 75
\BOOKMARK [2][-]{subsection.3.2.3.1}{Further\040Fine-tunning}{section.3.2.3}% 76
\BOOKMARK [2][-]{subsection.3.2.3.2}{Error\040analysis}{section.3.2.3}% 77
\BOOKMARK [1][-]{section.3.2.4}{Conclusion}{chapter.3.2}% 78
\BOOKMARK [0][-]{chapter.3.3}{Extending\040TransQuest\040for\040word-level\040QE}{part.3}% 79
\BOOKMARK [1][-]{section.3.3.1}{Introduction}{chapter.3.3}% 80
\BOOKMARK [1][-]{section.3.3.2}{Related\040Work}{chapter.3.3}% 81
\BOOKMARK [1][-]{section.3.3.3}{Methodology}{chapter.3.3}% 82
\BOOKMARK [1][-]{section.3.3.4}{Results\040and\040Evaluation}{chapter.3.3}% 83
\BOOKMARK [1][-]{section.3.3.5}{Conclusion}{chapter.3.3}% 84
\BOOKMARK [0][-]{chapter.3.4}{Multilingual\040Quality\040Estimation\040with\040TransQuest}{part.3}% 85
\BOOKMARK [1][-]{section.3.4.1}{Introduction}{chapter.3.4}% 86
\BOOKMARK [1][-]{section.3.4.2}{Multilingual\040Sentence-Level\040QE}{chapter.3.4}% 87
\BOOKMARK [1][-]{section.3.4.3}{Multilingual\040Word-Level\040QE}{chapter.3.4}% 88
\BOOKMARK [1][-]{section.3.4.4}{Conclusion}{chapter.3.4}% 89
\BOOKMARK [0][-]{section.3.4.4}{Bibliography}{part.3}% 90
